<?xml version="1.0" encoding="utf-8" standalone="no"?>
<test-results xmlns:xsi="http://www.w3.org/2001/XMLSchema-instance" xsi:noNamespaceSchemaLocation="nunit_schema_2.5.xsd" name="Policy Definition Tests" total="596" errors="0" failures="0" not-run="0" inconclusive="0" ignored="0" skipped="0" invalid="0" date="2024-03-07" time="23:51:05">
  <environment clr-version="8.0.1" platform="Darwin" user-domain="" user="tao" cwd="/Users/tao/git/AzPolicyTest" nunit-version="2.5.8.0" machine-name="Personal-MacBook.local" os-version="23.3.0" />
  <culture-info current-culture="en-AU" current-uiculture="en-AU" />
  <test-suite type="TestFixture" name="Policy Definition Tests" executed="True" result="Success" success="True" time="0.6987" asserts="0" description="Pester">
    <results>
      <test-suite type="TestFixture" name="/Users/tao/git/AzPolicyTest/AzPolicyTest/policyDefStructure.tests.ps1" executed="True" result="Success" success="True" time="0.6987" asserts="0" description="/Users/tao/git/AzPolicyTest/AzPolicyTest/policyDefStructure.tests.ps1">
        <results>
          <test-suite type="TestFixture" name="Policy Definition Syntax Test" executed="True" result="Success" success="True" time="0.621" asserts="0" description="Policy Definition Syntax Test">
            <results>
              <test-suite type="TestFixture" name="Policy Definition Syntax Test.Required Top-Level Elements Test" executed="True" result="Success" success="True" time="0.0413" asserts="0" description="Policy Definition Syntax Test.Required Top-Level Elements Test">
                <results>
                  <test-suite type="ParameterizedTest" name="Policy Definition Syntax Test.Required Top-Level Elements Test.[&lt;fileName&gt;] Should contain top-level element name" executed="True" result="Success" success="True" time="0.021" asserts="0" description="[&lt;fileName&gt;] Should contain top-level element name">
                    <results>
                      <test-case description="[pol-deny-auto-approved-pe.json] Should contain top-level element name" name="Policy Definition Syntax Test.Required Top-Level Elements Test.[pol-deny-auto-approved-pe.json] Should contain top-level element name" time="0.0014" asserts="0" success="True" result="Success" executed="True" />
                      <test-case description="[pol-deny-general-allowed-locations.json] Should contain top-level element name" name="Policy Definition Syntax Test.Required Top-Level Elements Test.[pol-deny-general-allowed-locations.json] Should contain top-level element name" time="0.0008" asserts="0" success="True" result="Success" executed="True" />
                      <test-case description="[pol-deny-resource-type.json] Should contain top-level element name" name="Policy Definition Syntax Test.Required Top-Level Elements Test.[pol-deny-resource-type.json] Should contain top-level element name" time="0.0025" asserts="0" success="True" result="Success" executed="True" />
                      <test-case description="[pol-deploy-adb-private-dns-zones.json] Should contain top-level element name" name="Policy Definition Syntax Test.Required Top-Level Elements Test.[pol-deploy-adb-private-dns-zones.json] Should contain top-level element name" time="0.0008" asserts="0" success="True" result="Success" executed="True" />
                      <test-case description="[pol-deploy-kv-pe-dns-records.json] Should contain top-level element name" name="Policy Definition Syntax Test.Required Top-Level Elements Test.[pol-deploy-kv-pe-dns-records.json] Should contain top-level element name" time="0.0008" asserts="0" success="True" result="Success" executed="True" />
                      <test-case description="[pol-deploy-rsv-backup-pe-dns-records.json] Should contain top-level element name" name="Policy Definition Syntax Test.Required Top-Level Elements Test.[pol-deploy-rsv-backup-pe-dns-records.json] Should contain top-level element name" time="0.0008" asserts="0" success="True" result="Success" executed="True" />
                      <test-case description="[pol-deploy-sa-blob-pe-dns-records.json] Should contain top-level element name" name="Policy Definition Syntax Test.Required Top-Level Elements Test.[pol-deploy-sa-blob-pe-dns-records.json] Should contain top-level element name" time="0.0008" asserts="0" success="True" result="Success" executed="True" />
                      <test-case description="[pol-deploy-sa-file-pe-dns-records.json] Should contain top-level element name" name="Policy Definition Syntax Test.Required Top-Level Elements Test.[pol-deploy-sa-file-pe-dns-records.json] Should contain top-level element name" time="0.0008" asserts="0" success="True" result="Success" executed="True" />
                      <test-case description="[pol-audit-storage-account-pe.json] Should contain top-level element name" name="Policy Definition Syntax Test.Required Top-Level Elements Test.[pol-audit-storage-account-pe.json] Should contain top-level element name" time="0.0007" asserts="0" success="True" result="Success" executed="True" />
                      <test-case description="[pol-audit-storage-account-should-prevent-shared-key-access.json] Should contain top-level element name" name="Policy Definition Syntax Test.Required Top-Level Elements Test.[pol-audit-storage-account-should-prevent-shared-key-access.json] Should contain top-level element name" time="0.0007" asserts="0" success="True" result="Success" executed="True" />
                      <test-case description="[pol-audit-storage-account-use-double-encryption.json] Should contain top-level element name" name="Policy Definition Syntax Test.Required Top-Level Elements Test.[pol-audit-storage-account-use-double-encryption.json] Should contain top-level element name" time="0.0021" asserts="0" success="True" result="Success" executed="True" />
                      <test-case description="[pol-deny-storage-account-minimum-tls-version.json] Should contain top-level element name" name="Policy Definition Syntax Test.Required Top-Level Elements Test.[pol-deny-storage-account-minimum-tls-version.json] Should contain top-level element name" time="0.0008" asserts="0" success="True" result="Success" executed="True" />
                      <test-case description="[pol-deny-storage-account-prevent-cross-tenant-repl.json] Should contain top-level element name" name="Policy Definition Syntax Test.Required Top-Level Elements Test.[pol-deny-storage-account-prevent-cross-tenant-repl.json] Should contain top-level element name" time="0.0008" asserts="0" success="True" result="Success" executed="True" />
                      <test-case description="[pol-deny-storage-account-public-endpoint.json] Should contain top-level element name" name="Policy Definition Syntax Test.Required Top-Level Elements Test.[pol-deny-storage-account-public-endpoint.json] Should contain top-level element name" time="0.0007" asserts="0" success="True" result="Success" executed="True" />
                      <test-case description="[pol-deny-storage-account-restrict-virtual-network-rules.json] Should contain top-level element name" name="Policy Definition Syntax Test.Required Top-Level Elements Test.[pol-deny-storage-account-restrict-virtual-network-rules.json] Should contain top-level element name" time="0.0007" asserts="0" success="True" result="Success" executed="True" />
                      <test-case description="[pol-deny-storage-account-secure-transfer.json] Should contain top-level element name" name="Policy Definition Syntax Test.Required Top-Level Elements Test.[pol-deny-storage-account-secure-transfer.json] Should contain top-level element name" time="0.0007" asserts="0" success="True" result="Success" executed="True" />
                      <test-case description="[pol-deny-storage-accounts-should-restrict-network-access.json] Should contain top-level element name" name="Policy Definition Syntax Test.Required Top-Level Elements Test.[pol-deny-storage-accounts-should-restrict-network-access.json] Should contain top-level element name" time="0.0007" asserts="0" success="True" result="Success" executed="True" />
                      <test-case description="[pol-deploy-storage-account-advanced-threat-protection.json] Should contain top-level element name" name="Policy Definition Syntax Test.Required Top-Level Elements Test.[pol-deploy-storage-account-advanced-threat-protection.json] Should contain top-level element name" time="0.0007" asserts="0" success="True" result="Success" executed="True" />
                      <test-case description="[pol-deploy-storage-account-blob-soft-delete.json] Should contain top-level element name" name="Policy Definition Syntax Test.Required Top-Level Elements Test.[pol-deploy-storage-account-blob-soft-delete.json] Should contain top-level element name" time="0.0018" asserts="0" success="True" result="Success" executed="True" />
                      <test-case description="[pol-modify-storage-account-secure-transfer.json] Should contain top-level element name" name="Policy Definition Syntax Test.Required Top-Level Elements Test.[pol-modify-storage-account-secure-transfer.json] Should contain top-level element name" time="0.0007" asserts="0" success="True" result="Success" executed="True" />
                      <test-case description="[pol-inherit-tags-from-rg.json] Should contain top-level element name" name="Policy Definition Syntax Test.Required Top-Level Elements Test.[pol-inherit-tags-from-rg.json] Should contain top-level element name" time="0.0007" asserts="0" success="True" result="Success" executed="True" />
                      <test-case description="[pol-inherit-tags-from-sub.json] Should contain top-level element name" name="Policy Definition Syntax Test.Required Top-Level Elements Test.[pol-inherit-tags-from-sub.json] Should contain top-level element name" time="0.0007" asserts="0" success="True" result="Success" executed="True" />
                    </results>
                  </test-suite>
                  <test-suite type="ParameterizedTest" name="Policy Definition Syntax Test.Required Top-Level Elements Test.[&lt;fileName&gt;] Should contain top-level element - properties" executed="True" result="Success" success="True" time="0.0176" asserts="0" description="[&lt;fileName&gt;] Should contain top-level element - properties">
                    <results>
                      <test-case description="[pol-deny-auto-approved-pe.json] Should contain top-level element - properties" name="Policy Definition Syntax Test.Required Top-Level Elements Test.[pol-deny-auto-approved-pe.json] Should contain top-level element - properties" time="0.0007" asserts="0" success="True" result="Success" executed="True" />
                      <test-case description="[pol-deny-general-allowed-locations.json] Should contain top-level element - properties" name="Policy Definition Syntax Test.Required Top-Level Elements Test.[pol-deny-general-allowed-locations.json] Should contain top-level element - properties" time="0.0007" asserts="0" success="True" result="Success" executed="True" />
                      <test-case description="[pol-deny-resource-type.json] Should contain top-level element - properties" name="Policy Definition Syntax Test.Required Top-Level Elements Test.[pol-deny-resource-type.json] Should contain top-level element - properties" time="0.0007" asserts="0" success="True" result="Success" executed="True" />
                      <test-case description="[pol-deploy-adb-private-dns-zones.json] Should contain top-level element - properties" name="Policy Definition Syntax Test.Required Top-Level Elements Test.[pol-deploy-adb-private-dns-zones.json] Should contain top-level element - properties" time="0.0018" asserts="0" success="True" result="Success" executed="True" />
                      <test-case description="[pol-deploy-kv-pe-dns-records.json] Should contain top-level element - properties" name="Policy Definition Syntax Test.Required Top-Level Elements Test.[pol-deploy-kv-pe-dns-records.json] Should contain top-level element - properties" time="0.0007" asserts="0" success="True" result="Success" executed="True" />
                      <test-case description="[pol-deploy-rsv-backup-pe-dns-records.json] Should contain top-level element - properties" name="Policy Definition Syntax Test.Required Top-Level Elements Test.[pol-deploy-rsv-backup-pe-dns-records.json] Should contain top-level element - properties" time="0.0007" asserts="0" success="True" result="Success" executed="True" />
                      <test-case description="[pol-deploy-sa-blob-pe-dns-records.json] Should contain top-level element - properties" name="Policy Definition Syntax Test.Required Top-Level Elements Test.[pol-deploy-sa-blob-pe-dns-records.json] Should contain top-level element - properties" time="0.0007" asserts="0" success="True" result="Success" executed="True" />
                      <test-case description="[pol-deploy-sa-file-pe-dns-records.json] Should contain top-level element - properties" name="Policy Definition Syntax Test.Required Top-Level Elements Test.[pol-deploy-sa-file-pe-dns-records.json] Should contain top-level element - properties" time="0.0007" asserts="0" success="True" result="Success" executed="True" />
                      <test-case description="[pol-audit-storage-account-pe.json] Should contain top-level element - properties" name="Policy Definition Syntax Test.Required Top-Level Elements Test.[pol-audit-storage-account-pe.json] Should contain top-level element - properties" time="0.0007" asserts="0" success="True" result="Success" executed="True" />
                      <test-case description="[pol-audit-storage-account-should-prevent-shared-key-access.json] Should contain top-level element - properties" name="Policy Definition Syntax Test.Required Top-Level Elements Test.[pol-audit-storage-account-should-prevent-shared-key-access.json] Should contain top-level element - properties" time="0.0007" asserts="0" success="True" result="Success" executed="True" />
                      <test-case description="[pol-audit-storage-account-use-double-encryption.json] Should contain top-level element - properties" name="Policy Definition Syntax Test.Required Top-Level Elements Test.[pol-audit-storage-account-use-double-encryption.json] Should contain top-level element - properties" time="0.0007" asserts="0" success="True" result="Success" executed="True" />
                      <test-case description="[pol-deny-storage-account-minimum-tls-version.json] Should contain top-level element - properties" name="Policy Definition Syntax Test.Required Top-Level Elements Test.[pol-deny-storage-account-minimum-tls-version.json] Should contain top-level element - properties" time="0.0019" asserts="0" success="True" result="Success" executed="True" />
                      <test-case description="[pol-deny-storage-account-prevent-cross-tenant-repl.json] Should contain top-level element - properties" name="Policy Definition Syntax Test.Required Top-Level Elements Test.[pol-deny-storage-account-prevent-cross-tenant-repl.json] Should contain top-level element - properties" time="0.0008" asserts="0" success="True" result="Success" executed="True" />
                      <test-case description="[pol-deny-storage-account-public-endpoint.json] Should contain top-level element - properties" name="Policy Definition Syntax Test.Required Top-Level Elements Test.[pol-deny-storage-account-public-endpoint.json] Should contain top-level element - properties" time="0.0007" asserts="0" success="True" result="Success" executed="True" />
                      <test-case description="[pol-deny-storage-account-restrict-virtual-network-rules.json] Should contain top-level element - properties" name="Policy Definition Syntax Test.Required Top-Level Elements Test.[pol-deny-storage-account-restrict-virtual-network-rules.json] Should contain top-level element - properties" time="0.0007" asserts="0" success="True" result="Success" executed="True" />
                      <test-case description="[pol-deny-storage-account-secure-transfer.json] Should contain top-level element - properties" name="Policy Definition Syntax Test.Required Top-Level Elements Test.[pol-deny-storage-account-secure-transfer.json] Should contain top-level element - properties" time="0.0007" asserts="0" success="True" result="Success" executed="True" />
                      <test-case description="[pol-deny-storage-accounts-should-restrict-network-access.json] Should contain top-level element - properties" name="Policy Definition Syntax Test.Required Top-Level Elements Test.[pol-deny-storage-accounts-should-restrict-network-access.json] Should contain top-level element - properties" time="0.0007" asserts="0" success="True" result="Success" executed="True" />
                      <test-case description="[pol-deploy-storage-account-advanced-threat-protection.json] Should contain top-level element - properties" name="Policy Definition Syntax Test.Required Top-Level Elements Test.[pol-deploy-storage-account-advanced-threat-protection.json] Should contain top-level element - properties" time="0.0007" asserts="0" success="True" result="Success" executed="True" />
                      <test-case description="[pol-deploy-storage-account-blob-soft-delete.json] Should contain top-level element - properties" name="Policy Definition Syntax Test.Required Top-Level Elements Test.[pol-deploy-storage-account-blob-soft-delete.json] Should contain top-level element - properties" time="0.0007" asserts="0" success="True" result="Success" executed="True" />
                      <test-case description="[pol-modify-storage-account-secure-transfer.json] Should contain top-level element - properties" name="Policy Definition Syntax Test.Required Top-Level Elements Test.[pol-modify-storage-account-secure-transfer.json] Should contain top-level element - properties" time="0.0008" asserts="0" success="True" result="Success" executed="True" />
                      <test-case description="[pol-inherit-tags-from-rg.json] Should contain top-level element - properties" name="Policy Definition Syntax Test.Required Top-Level Elements Test.[pol-inherit-tags-from-rg.json] Should contain top-level element - properties" time="0.0007" asserts="0" success="True" result="Success" executed="True" />
                      <test-case description="[pol-inherit-tags-from-sub.json] Should contain top-level element - properties" name="Policy Definition Syntax Test.Required Top-Level Elements Test.[pol-inherit-tags-from-sub.json] Should contain top-level element - properties" time="0.0007" asserts="0" success="True" result="Success" executed="True" />
                    </results>
                  </test-suite>
                </results>
              </test-suite>
              <test-suite type="TestFixture" name="Policy Definition Syntax Test.Policy Definition Elements Value Test" executed="True" result="Success" success="True" time="0.0992" asserts="0" description="Policy Definition Syntax Test.Policy Definition Elements Value Test">
                <results>
                  <test-suite type="ParameterizedTest" name="Policy Definition Syntax Test.Policy Definition Elements Value Test.[&lt;fileName&gt;] Name value must not be null" executed="True" result="Success" success="True" time="0.0185" asserts="0" description="[&lt;fileName&gt;] Name value must not be null">
                    <results>
                      <test-case description="[pol-deny-auto-approved-pe.json] Name value must not be null" name="Policy Definition Syntax Test.Policy Definition Elements Value Test.[pol-deny-auto-approved-pe.json] Name value must not be null" time="0.0009" asserts="0" success="True" result="Success" executed="True" />
                      <test-case description="[pol-deny-general-allowed-locations.json] Name value must not be null" name="Policy Definition Syntax Test.Policy Definition Elements Value Test.[pol-deny-general-allowed-locations.json] Name value must not be null" time="0.0007" asserts="0" success="True" result="Success" executed="True" />
                      <test-case description="[pol-deny-resource-type.json] Name value must not be null" name="Policy Definition Syntax Test.Policy Definition Elements Value Test.[pol-deny-resource-type.json] Name value must not be null" time="0.0006" asserts="0" success="True" result="Success" executed="True" />
                      <test-case description="[pol-deploy-adb-private-dns-zones.json] Name value must not be null" name="Policy Definition Syntax Test.Policy Definition Elements Value Test.[pol-deploy-adb-private-dns-zones.json] Name value must not be null" time="0.0006" asserts="0" success="True" result="Success" executed="True" />
                      <test-case description="[pol-deploy-kv-pe-dns-records.json] Name value must not be null" name="Policy Definition Syntax Test.Policy Definition Elements Value Test.[pol-deploy-kv-pe-dns-records.json] Name value must not be null" time="0.0019" asserts="0" success="True" result="Success" executed="True" />
                      <test-case description="[pol-deploy-rsv-backup-pe-dns-records.json] Name value must not be null" name="Policy Definition Syntax Test.Policy Definition Elements Value Test.[pol-deploy-rsv-backup-pe-dns-records.json] Name value must not be null" time="0.0007" asserts="0" success="True" result="Success" executed="True" />
                      <test-case description="[pol-deploy-sa-blob-pe-dns-records.json] Name value must not be null" name="Policy Definition Syntax Test.Policy Definition Elements Value Test.[pol-deploy-sa-blob-pe-dns-records.json] Name value must not be null" time="0.0007" asserts="0" success="True" result="Success" executed="True" />
                      <test-case description="[pol-deploy-sa-file-pe-dns-records.json] Name value must not be null" name="Policy Definition Syntax Test.Policy Definition Elements Value Test.[pol-deploy-sa-file-pe-dns-records.json] Name value must not be null" time="0.0006" asserts="0" success="True" result="Success" executed="True" />
                      <test-case description="[pol-audit-storage-account-pe.json] Name value must not be null" name="Policy Definition Syntax Test.Policy Definition Elements Value Test.[pol-audit-storage-account-pe.json] Name value must not be null" time="0.0007" asserts="0" success="True" result="Success" executed="True" />
                      <test-case description="[pol-audit-storage-account-should-prevent-shared-key-access.json] Name value must not be null" name="Policy Definition Syntax Test.Policy Definition Elements Value Test.[pol-audit-storage-account-should-prevent-shared-key-access.json] Name value must not be null" time="0.0006" asserts="0" success="True" result="Success" executed="True" />
                      <test-case description="[pol-audit-storage-account-use-double-encryption.json] Name value must not be null" name="Policy Definition Syntax Test.Policy Definition Elements Value Test.[pol-audit-storage-account-use-double-encryption.json] Name value must not be null" time="0.0006" asserts="0" success="True" result="Success" executed="True" />
                      <test-case description="[pol-deny-storage-account-minimum-tls-version.json] Name value must not be null" name="Policy Definition Syntax Test.Policy Definition Elements Value Test.[pol-deny-storage-account-minimum-tls-version.json] Name value must not be null" time="0.0007" asserts="0" success="True" result="Success" executed="True" />
                      <test-case description="[pol-deny-storage-account-prevent-cross-tenant-repl.json] Name value must not be null" name="Policy Definition Syntax Test.Policy Definition Elements Value Test.[pol-deny-storage-account-prevent-cross-tenant-repl.json] Name value must not be null" time="0.002" asserts="0" success="True" result="Success" executed="True" />
                      <test-case description="[pol-deny-storage-account-public-endpoint.json] Name value must not be null" name="Policy Definition Syntax Test.Policy Definition Elements Value Test.[pol-deny-storage-account-public-endpoint.json] Name value must not be null" time="0.0007" asserts="0" success="True" result="Success" executed="True" />
                      <test-case description="[pol-deny-storage-account-restrict-virtual-network-rules.json] Name value must not be null" name="Policy Definition Syntax Test.Policy Definition Elements Value Test.[pol-deny-storage-account-restrict-virtual-network-rules.json] Name value must not be null" time="0.0007" asserts="0" success="True" result="Success" executed="True" />
                      <test-case description="[pol-deny-storage-account-secure-transfer.json] Name value must not be null" name="Policy Definition Syntax Test.Policy Definition Elements Value Test.[pol-deny-storage-account-secure-transfer.json] Name value must not be null" time="0.0007" asserts="0" success="True" result="Success" executed="True" />
                      <test-case description="[pol-deny-storage-accounts-should-restrict-network-access.json] Name value must not be null" name="Policy Definition Syntax Test.Policy Definition Elements Value Test.[pol-deny-storage-accounts-should-restrict-network-access.json] Name value must not be null" time="0.0007" asserts="0" success="True" result="Success" executed="True" />
                      <test-case description="[pol-deploy-storage-account-advanced-threat-protection.json] Name value must not be null" name="Policy Definition Syntax Test.Policy Definition Elements Value Test.[pol-deploy-storage-account-advanced-threat-protection.json] Name value must not be null" time="0.0006" asserts="0" success="True" result="Success" executed="True" />
                      <test-case description="[pol-deploy-storage-account-blob-soft-delete.json] Name value must not be null" name="Policy Definition Syntax Test.Policy Definition Elements Value Test.[pol-deploy-storage-account-blob-soft-delete.json] Name value must not be null" time="0.0006" asserts="0" success="True" result="Success" executed="True" />
                      <test-case description="[pol-modify-storage-account-secure-transfer.json] Name value must not be null" name="Policy Definition Syntax Test.Policy Definition Elements Value Test.[pol-modify-storage-account-secure-transfer.json] Name value must not be null" time="0.0006" asserts="0" success="True" result="Success" executed="True" />
                      <test-case description="[pol-inherit-tags-from-rg.json] Name value must not be null" name="Policy Definition Syntax Test.Policy Definition Elements Value Test.[pol-inherit-tags-from-rg.json] Name value must not be null" time="0.0019" asserts="0" success="True" result="Success" executed="True" />
                      <test-case description="[pol-inherit-tags-from-sub.json] Name value must not be null" name="Policy Definition Syntax Test.Policy Definition Elements Value Test.[pol-inherit-tags-from-sub.json] Name value must not be null" time="0.0007" asserts="0" success="True" result="Success" executed="True" />
                    </results>
                  </test-suite>
                  <test-suite type="ParameterizedTest" name="Policy Definition Syntax Test.Policy Definition Elements Value Test.[&lt;fileName&gt;] Name value must not be longer than 64 characters" executed="True" result="Success" success="True" time="0.0172" asserts="0" description="[&lt;fileName&gt;] Name value must not be longer than 64 characters">
                    <results>
                      <test-case description="[pol-deny-auto-approved-pe.json] Name value must not be longer than 64 characters" name="Policy Definition Syntax Test.Policy Definition Elements Value Test.[pol-deny-auto-approved-pe.json] Name value must not be longer than 64 characters" time="0.0007" asserts="0" success="True" result="Success" executed="True" />
                      <test-case description="[pol-deny-general-allowed-locations.json] Name value must not be longer than 64 characters" name="Policy Definition Syntax Test.Policy Definition Elements Value Test.[pol-deny-general-allowed-locations.json] Name value must not be longer than 64 characters" time="0.0006" asserts="0" success="True" result="Success" executed="True" />
                      <test-case description="[pol-deny-resource-type.json] Name value must not be longer than 64 characters" name="Policy Definition Syntax Test.Policy Definition Elements Value Test.[pol-deny-resource-type.json] Name value must not be longer than 64 characters" time="0.0007" asserts="0" success="True" result="Success" executed="True" />
                      <test-case description="[pol-deploy-adb-private-dns-zones.json] Name value must not be longer than 64 characters" name="Policy Definition Syntax Test.Policy Definition Elements Value Test.[pol-deploy-adb-private-dns-zones.json] Name value must not be longer than 64 characters" time="0.0006" asserts="0" success="True" result="Success" executed="True" />
                      <test-case description="[pol-deploy-kv-pe-dns-records.json] Name value must not be longer than 64 characters" name="Policy Definition Syntax Test.Policy Definition Elements Value Test.[pol-deploy-kv-pe-dns-records.json] Name value must not be longer than 64 characters" time="0.0006" asserts="0" success="True" result="Success" executed="True" />
                      <test-case description="[pol-deploy-rsv-backup-pe-dns-records.json] Name value must not be longer than 64 characters" name="Policy Definition Syntax Test.Policy Definition Elements Value Test.[pol-deploy-rsv-backup-pe-dns-records.json] Name value must not be longer than 64 characters" time="0.0006" asserts="0" success="True" result="Success" executed="True" />
                      <test-case description="[pol-deploy-sa-blob-pe-dns-records.json] Name value must not be longer than 64 characters" name="Policy Definition Syntax Test.Policy Definition Elements Value Test.[pol-deploy-sa-blob-pe-dns-records.json] Name value must not be longer than 64 characters" time="0.002" asserts="0" success="True" result="Success" executed="True" />
                      <test-case description="[pol-deploy-sa-file-pe-dns-records.json] Name value must not be longer than 64 characters" name="Policy Definition Syntax Test.Policy Definition Elements Value Test.[pol-deploy-sa-file-pe-dns-records.json] Name value must not be longer than 64 characters" time="0.0007" asserts="0" success="True" result="Success" executed="True" />
                      <test-case description="[pol-audit-storage-account-pe.json] Name value must not be longer than 64 characters" name="Policy Definition Syntax Test.Policy Definition Elements Value Test.[pol-audit-storage-account-pe.json] Name value must not be longer than 64 characters" time="0.0006" asserts="0" success="True" result="Success" executed="True" />
                      <test-case description="[pol-audit-storage-account-should-prevent-shared-key-access.json] Name value must not be longer than 64 characters" name="Policy Definition Syntax Test.Policy Definition Elements Value Test.[pol-audit-storage-account-should-prevent-shared-key-access.json] Name value must not be longer than 64 characters" time="0.0006" asserts="0" success="True" result="Success" executed="True" />
                      <test-case description="[pol-audit-storage-account-use-double-encryption.json] Name value must not be longer than 64 characters" name="Policy Definition Syntax Test.Policy Definition Elements Value Test.[pol-audit-storage-account-use-double-encryption.json] Name value must not be longer than 64 characters" time="0.0006" asserts="0" success="True" result="Success" executed="True" />
                      <test-case description="[pol-deny-storage-account-minimum-tls-version.json] Name value must not be longer than 64 characters" name="Policy Definition Syntax Test.Policy Definition Elements Value Test.[pol-deny-storage-account-minimum-tls-version.json] Name value must not be longer than 64 characters" time="0.0007" asserts="0" success="True" result="Success" executed="True" />
                      <test-case description="[pol-deny-storage-account-prevent-cross-tenant-repl.json] Name value must not be longer than 64 characters" name="Policy Definition Syntax Test.Policy Definition Elements Value Test.[pol-deny-storage-account-prevent-cross-tenant-repl.json] Name value must not be longer than 64 characters" time="0.0007" asserts="0" success="True" result="Success" executed="True" />
                      <test-case description="[pol-deny-storage-account-public-endpoint.json] Name value must not be longer than 64 characters" name="Policy Definition Syntax Test.Policy Definition Elements Value Test.[pol-deny-storage-account-public-endpoint.json] Name value must not be longer than 64 characters" time="0.0006" asserts="0" success="True" result="Success" executed="True" />
                      <test-case description="[pol-deny-storage-account-restrict-virtual-network-rules.json] Name value must not be longer than 64 characters" name="Policy Definition Syntax Test.Policy Definition Elements Value Test.[pol-deny-storage-account-restrict-virtual-network-rules.json] Name value must not be longer than 64 characters" time="0.0019" asserts="0" success="True" result="Success" executed="True" />
                      <test-case description="[pol-deny-storage-account-secure-transfer.json] Name value must not be longer than 64 characters" name="Policy Definition Syntax Test.Policy Definition Elements Value Test.[pol-deny-storage-account-secure-transfer.json] Name value must not be longer than 64 characters" time="0.0007" asserts="0" success="True" result="Success" executed="True" />
                      <test-case description="[pol-deny-storage-accounts-should-restrict-network-access.json] Name value must not be longer than 64 characters" name="Policy Definition Syntax Test.Policy Definition Elements Value Test.[pol-deny-storage-accounts-should-restrict-network-access.json] Name value must not be longer than 64 characters" time="0.0007" asserts="0" success="True" result="Success" executed="True" />
                      <test-case description="[pol-deploy-storage-account-advanced-threat-protection.json] Name value must not be longer than 64 characters" name="Policy Definition Syntax Test.Policy Definition Elements Value Test.[pol-deploy-storage-account-advanced-threat-protection.json] Name value must not be longer than 64 characters" time="0.0007" asserts="0" success="True" result="Success" executed="True" />
                      <test-case description="[pol-deploy-storage-account-blob-soft-delete.json] Name value must not be longer than 64 characters" name="Policy Definition Syntax Test.Policy Definition Elements Value Test.[pol-deploy-storage-account-blob-soft-delete.json] Name value must not be longer than 64 characters" time="0.0007" asserts="0" success="True" result="Success" executed="True" />
                      <test-case description="[pol-modify-storage-account-secure-transfer.json] Name value must not be longer than 64 characters" name="Policy Definition Syntax Test.Policy Definition Elements Value Test.[pol-modify-storage-account-secure-transfer.json] Name value must not be longer than 64 characters" time="0.0007" asserts="0" success="True" result="Success" executed="True" />
                      <test-case description="[pol-inherit-tags-from-rg.json] Name value must not be longer than 64 characters" name="Policy Definition Syntax Test.Policy Definition Elements Value Test.[pol-inherit-tags-from-rg.json] Name value must not be longer than 64 characters" time="0.0008" asserts="0" success="True" result="Success" executed="True" />
                      <test-case description="[pol-inherit-tags-from-sub.json] Name value must not be longer than 64 characters" name="Policy Definition Syntax Test.Policy Definition Elements Value Test.[pol-inherit-tags-from-sub.json] Name value must not be longer than 64 characters" time="0.0007" asserts="0" success="True" result="Success" executed="True" />
                    </results>
                  </test-suite>
                  <test-suite type="ParameterizedTest" name="Policy Definition Syntax Test.Policy Definition Elements Value Test.[&lt;fileName&gt;] Name value must not contain spaces" executed="True" result="Success" success="True" time="0.0202" asserts="0" description="[&lt;fileName&gt;] Name value must not contain spaces">
                    <results>
                      <test-case description="[pol-deny-auto-approved-pe.json] Name value must not contain spaces" name="Policy Definition Syntax Test.Policy Definition Elements Value Test.[pol-deny-auto-approved-pe.json] Name value must not contain spaces" time="0.0021" asserts="0" success="True" result="Success" executed="True" />
                      <test-case description="[pol-deny-general-allowed-locations.json] Name value must not contain spaces" name="Policy Definition Syntax Test.Policy Definition Elements Value Test.[pol-deny-general-allowed-locations.json] Name value must not contain spaces" time="0.0008" asserts="0" success="True" result="Success" executed="True" />
                      <test-case description="[pol-deny-resource-type.json] Name value must not contain spaces" name="Policy Definition Syntax Test.Policy Definition Elements Value Test.[pol-deny-resource-type.json] Name value must not contain spaces" time="0.0008" asserts="0" success="True" result="Success" executed="True" />
                      <test-case description="[pol-deploy-adb-private-dns-zones.json] Name value must not contain spaces" name="Policy Definition Syntax Test.Policy Definition Elements Value Test.[pol-deploy-adb-private-dns-zones.json] Name value must not contain spaces" time="0.0007" asserts="0" success="True" result="Success" executed="True" />
                      <test-case description="[pol-deploy-kv-pe-dns-records.json] Name value must not contain spaces" name="Policy Definition Syntax Test.Policy Definition Elements Value Test.[pol-deploy-kv-pe-dns-records.json] Name value must not contain spaces" time="0.0007" asserts="0" success="True" result="Success" executed="True" />
                      <test-case description="[pol-deploy-rsv-backup-pe-dns-records.json] Name value must not contain spaces" name="Policy Definition Syntax Test.Policy Definition Elements Value Test.[pol-deploy-rsv-backup-pe-dns-records.json] Name value must not contain spaces" time="0.0007" asserts="0" success="True" result="Success" executed="True" />
                      <test-case description="[pol-deploy-sa-blob-pe-dns-records.json] Name value must not contain spaces" name="Policy Definition Syntax Test.Policy Definition Elements Value Test.[pol-deploy-sa-blob-pe-dns-records.json] Name value must not contain spaces" time="0.0007" asserts="0" success="True" result="Success" executed="True" />
                      <test-case description="[pol-deploy-sa-file-pe-dns-records.json] Name value must not contain spaces" name="Policy Definition Syntax Test.Policy Definition Elements Value Test.[pol-deploy-sa-file-pe-dns-records.json] Name value must not contain spaces" time="0.0007" asserts="0" success="True" result="Success" executed="True" />
                      <test-case description="[pol-audit-storage-account-pe.json] Name value must not contain spaces" name="Policy Definition Syntax Test.Policy Definition Elements Value Test.[pol-audit-storage-account-pe.json] Name value must not contain spaces" time="0.002" asserts="0" success="True" result="Success" executed="True" />
                      <test-case description="[pol-audit-storage-account-should-prevent-shared-key-access.json] Name value must not contain spaces" name="Policy Definition Syntax Test.Policy Definition Elements Value Test.[pol-audit-storage-account-should-prevent-shared-key-access.json] Name value must not contain spaces" time="0.0007" asserts="0" success="True" result="Success" executed="True" />
                      <test-case description="[pol-audit-storage-account-use-double-encryption.json] Name value must not contain spaces" name="Policy Definition Syntax Test.Policy Definition Elements Value Test.[pol-audit-storage-account-use-double-encryption.json] Name value must not contain spaces" time="0.0007" asserts="0" success="True" result="Success" executed="True" />
                      <test-case description="[pol-deny-storage-account-minimum-tls-version.json] Name value must not contain spaces" name="Policy Definition Syntax Test.Policy Definition Elements Value Test.[pol-deny-storage-account-minimum-tls-version.json] Name value must not contain spaces" time="0.0008" asserts="0" success="True" result="Success" executed="True" />
                      <test-case description="[pol-deny-storage-account-prevent-cross-tenant-repl.json] Name value must not contain spaces" name="Policy Definition Syntax Test.Policy Definition Elements Value Test.[pol-deny-storage-account-prevent-cross-tenant-repl.json] Name value must not contain spaces" time="0.0007" asserts="0" success="True" result="Success" executed="True" />
                      <test-case description="[pol-deny-storage-account-public-endpoint.json] Name value must not contain spaces" name="Policy Definition Syntax Test.Policy Definition Elements Value Test.[pol-deny-storage-account-public-endpoint.json] Name value must not contain spaces" time="0.0007" asserts="0" success="True" result="Success" executed="True" />
                      <test-case description="[pol-deny-storage-account-restrict-virtual-network-rules.json] Name value must not contain spaces" name="Policy Definition Syntax Test.Policy Definition Elements Value Test.[pol-deny-storage-account-restrict-virtual-network-rules.json] Name value must not contain spaces" time="0.0007" asserts="0" success="True" result="Success" executed="True" />
                      <test-case description="[pol-deny-storage-account-secure-transfer.json] Name value must not contain spaces" name="Policy Definition Syntax Test.Policy Definition Elements Value Test.[pol-deny-storage-account-secure-transfer.json] Name value must not contain spaces" time="0.0021" asserts="0" success="True" result="Success" executed="True" />
                      <test-case description="[pol-deny-storage-accounts-should-restrict-network-access.json] Name value must not contain spaces" name="Policy Definition Syntax Test.Policy Definition Elements Value Test.[pol-deny-storage-accounts-should-restrict-network-access.json] Name value must not contain spaces" time="0.0008" asserts="0" success="True" result="Success" executed="True" />
                      <test-case description="[pol-deploy-storage-account-advanced-threat-protection.json] Name value must not contain spaces" name="Policy Definition Syntax Test.Policy Definition Elements Value Test.[pol-deploy-storage-account-advanced-threat-protection.json] Name value must not contain spaces" time="0.0007" asserts="0" success="True" result="Success" executed="True" />
                      <test-case description="[pol-deploy-storage-account-blob-soft-delete.json] Name value must not contain spaces" name="Policy Definition Syntax Test.Policy Definition Elements Value Test.[pol-deploy-storage-account-blob-soft-delete.json] Name value must not contain spaces" time="0.0007" asserts="0" success="True" result="Success" executed="True" />
                      <test-case description="[pol-modify-storage-account-secure-transfer.json] Name value must not contain spaces" name="Policy Definition Syntax Test.Policy Definition Elements Value Test.[pol-modify-storage-account-secure-transfer.json] Name value must not contain spaces" time="0.0007" asserts="0" success="True" result="Success" executed="True" />
                      <test-case description="[pol-inherit-tags-from-rg.json] Name value must not contain spaces" name="Policy Definition Syntax Test.Policy Definition Elements Value Test.[pol-inherit-tags-from-rg.json] Name value must not contain spaces" time="0.0007" asserts="0" success="True" result="Success" executed="True" />
                      <test-case description="[pol-inherit-tags-from-sub.json] Name value must not contain spaces" name="Policy Definition Syntax Test.Policy Definition Elements Value Test.[pol-inherit-tags-from-sub.json] Name value must not contain spaces" time="0.0007" asserts="0" success="True" result="Success" executed="True" />
                    </results>
                  </test-suite>
                </results>
              </test-suite>
              <test-suite type="TestFixture" name="Policy Definition Syntax Test.Policy Definition Properties Value Test" executed="True" result="Success" success="True" time="0.2994" asserts="0" description="Policy Definition Syntax Test.Policy Definition Properties Value Test">
                <results>
                  <test-suite type="ParameterizedTest" name="Policy Definition Syntax Test.Policy Definition Properties Value Test.[&lt;fileName&gt;] Properties must contain 'displayName' element" executed="True" result="Success" success="True" time="0.021" asserts="0" description="[&lt;fileName&gt;] Properties must contain 'displayName' element">
                    <results>
                      <test-case description="[pol-deny-auto-approved-pe.json] Properties must contain 'displayName' element" name="Policy Definition Syntax Test.Policy Definition Properties Value Test.[pol-deny-auto-approved-pe.json] Properties must contain 'displayName' element" time="0.0023" asserts="0" success="True" result="Success" executed="True" />
                      <test-case description="[pol-deny-general-allowed-locations.json] Properties must contain 'displayName' element" name="Policy Definition Syntax Test.Policy Definition Properties Value Test.[pol-deny-general-allowed-locations.json] Properties must contain 'displayName' element" time="0.0007" asserts="0" success="True" result="Success" executed="True" />
                      <test-case description="[pol-deny-resource-type.json] Properties must contain 'displayName' element" name="Policy Definition Syntax Test.Policy Definition Properties Value Test.[pol-deny-resource-type.json] Properties must contain 'displayName' element" time="0.0007" asserts="0" success="True" result="Success" executed="True" />
                      <test-case description="[pol-deploy-adb-private-dns-zones.json] Properties must contain 'displayName' element" name="Policy Definition Syntax Test.Policy Definition Properties Value Test.[pol-deploy-adb-private-dns-zones.json] Properties must contain 'displayName' element" time="0.0007" asserts="0" success="True" result="Success" executed="True" />
                      <test-case description="[pol-deploy-kv-pe-dns-records.json] Properties must contain 'displayName' element" name="Policy Definition Syntax Test.Policy Definition Properties Value Test.[pol-deploy-kv-pe-dns-records.json] Properties must contain 'displayName' element" time="0.0007" asserts="0" success="True" result="Success" executed="True" />
                      <test-case description="[pol-deploy-rsv-backup-pe-dns-records.json] Properties must contain 'displayName' element" name="Policy Definition Syntax Test.Policy Definition Properties Value Test.[pol-deploy-rsv-backup-pe-dns-records.json] Properties must contain 'displayName' element" time="0.0007" asserts="0" success="True" result="Success" executed="True" />
                      <test-case description="[pol-deploy-sa-blob-pe-dns-records.json] Properties must contain 'displayName' element" name="Policy Definition Syntax Test.Policy Definition Properties Value Test.[pol-deploy-sa-blob-pe-dns-records.json] Properties must contain 'displayName' element" time="0.0007" asserts="0" success="True" result="Success" executed="True" />
                      <test-case description="[pol-deploy-sa-file-pe-dns-records.json] Properties must contain 'displayName' element" name="Policy Definition Syntax Test.Policy Definition Properties Value Test.[pol-deploy-sa-file-pe-dns-records.json] Properties must contain 'displayName' element" time="0.0023" asserts="0" success="True" result="Success" executed="True" />
                      <test-case description="[pol-audit-storage-account-pe.json] Properties must contain 'displayName' element" name="Policy Definition Syntax Test.Policy Definition Properties Value Test.[pol-audit-storage-account-pe.json] Properties must contain 'displayName' element" time="0.0008" asserts="0" success="True" result="Success" executed="True" />
                      <test-case description="[pol-audit-storage-account-should-prevent-shared-key-access.json] Properties must contain 'displayName' element" name="Policy Definition Syntax Test.Policy Definition Properties Value Test.[pol-audit-storage-account-should-prevent-shared-key-access.json] Properties must contain 'displayName' element" time="0.0008" asserts="0" success="True" result="Success" executed="True" />
                      <test-case description="[pol-audit-storage-account-use-double-encryption.json] Properties must contain 'displayName' element" name="Policy Definition Syntax Test.Policy Definition Properties Value Test.[pol-audit-storage-account-use-double-encryption.json] Properties must contain 'displayName' element" time="0.0007" asserts="0" success="True" result="Success" executed="True" />
                      <test-case description="[pol-deny-storage-account-minimum-tls-version.json] Properties must contain 'displayName' element" name="Policy Definition Syntax Test.Policy Definition Properties Value Test.[pol-deny-storage-account-minimum-tls-version.json] Properties must contain 'displayName' element" time="0.0007" asserts="0" success="True" result="Success" executed="True" />
                      <test-case description="[pol-deny-storage-account-prevent-cross-tenant-repl.json] Properties must contain 'displayName' element" name="Policy Definition Syntax Test.Policy Definition Properties Value Test.[pol-deny-storage-account-prevent-cross-tenant-repl.json] Properties must contain 'displayName' element" time="0.0007" asserts="0" success="True" result="Success" executed="True" />
                      <test-case description="[pol-deny-storage-account-public-endpoint.json] Properties must contain 'displayName' element" name="Policy Definition Syntax Test.Policy Definition Properties Value Test.[pol-deny-storage-account-public-endpoint.json] Properties must contain 'displayName' element" time="0.0007" asserts="0" success="True" result="Success" executed="True" />
                      <test-case description="[pol-deny-storage-account-restrict-virtual-network-rules.json] Properties must contain 'displayName' element" name="Policy Definition Syntax Test.Policy Definition Properties Value Test.[pol-deny-storage-account-restrict-virtual-network-rules.json] Properties must contain 'displayName' element" time="0.0007" asserts="0" success="True" result="Success" executed="True" />
                      <test-case description="[pol-deny-storage-account-secure-transfer.json] Properties must contain 'displayName' element" name="Policy Definition Syntax Test.Policy Definition Properties Value Test.[pol-deny-storage-account-secure-transfer.json] Properties must contain 'displayName' element" time="0.0023" asserts="0" success="True" result="Success" executed="True" />
                      <test-case description="[pol-deny-storage-accounts-should-restrict-network-access.json] Properties must contain 'displayName' element" name="Policy Definition Syntax Test.Policy Definition Properties Value Test.[pol-deny-storage-accounts-should-restrict-network-access.json] Properties must contain 'displayName' element" time="0.0009" asserts="0" success="True" result="Success" executed="True" />
                      <test-case description="[pol-deploy-storage-account-advanced-threat-protection.json] Properties must contain 'displayName' element" name="Policy Definition Syntax Test.Policy Definition Properties Value Test.[pol-deploy-storage-account-advanced-threat-protection.json] Properties must contain 'displayName' element" time="0.0008" asserts="0" success="True" result="Success" executed="True" />
                      <test-case description="[pol-deploy-storage-account-blob-soft-delete.json] Properties must contain 'displayName' element" name="Policy Definition Syntax Test.Policy Definition Properties Value Test.[pol-deploy-storage-account-blob-soft-delete.json] Properties must contain 'displayName' element" time="0.0008" asserts="0" success="True" result="Success" executed="True" />
                      <test-case description="[pol-modify-storage-account-secure-transfer.json] Properties must contain 'displayName' element" name="Policy Definition Syntax Test.Policy Definition Properties Value Test.[pol-modify-storage-account-secure-transfer.json] Properties must contain 'displayName' element" time="0.0007" asserts="0" success="True" result="Success" executed="True" />
                      <test-case description="[pol-inherit-tags-from-rg.json] Properties must contain 'displayName' element" name="Policy Definition Syntax Test.Policy Definition Properties Value Test.[pol-inherit-tags-from-rg.json] Properties must contain 'displayName' element" time="0.0007" asserts="0" success="True" result="Success" executed="True" />
                      <test-case description="[pol-inherit-tags-from-sub.json] Properties must contain 'displayName' element" name="Policy Definition Syntax Test.Policy Definition Properties Value Test.[pol-inherit-tags-from-sub.json] Properties must contain 'displayName' element" time="0.0007" asserts="0" success="True" result="Success" executed="True" />
                    </results>
                  </test-suite>
                  <test-suite type="ParameterizedTest" name="Policy Definition Syntax Test.Policy Definition Properties Value Test.[&lt;fileName&gt;] Properties must contain 'description' element" executed="True" result="Success" success="True" time="0.0191" asserts="0" description="[&lt;fileName&gt;] Properties must contain 'description' element">
                    <results>
                      <test-case description="[pol-deny-auto-approved-pe.json] Properties must contain 'description' element" name="Policy Definition Syntax Test.Policy Definition Properties Value Test.[pol-deny-auto-approved-pe.json] Properties must contain 'description' element" time="0.0019" asserts="0" success="True" result="Success" executed="True" />
                      <test-case description="[pol-deny-general-allowed-locations.json] Properties must contain 'description' element" name="Policy Definition Syntax Test.Policy Definition Properties Value Test.[pol-deny-general-allowed-locations.json] Properties must contain 'description' element" time="0.0008" asserts="0" success="True" result="Success" executed="True" />
                      <test-case description="[pol-deny-resource-type.json] Properties must contain 'description' element" name="Policy Definition Syntax Test.Policy Definition Properties Value Test.[pol-deny-resource-type.json] Properties must contain 'description' element" time="0.0007" asserts="0" success="True" result="Success" executed="True" />
                      <test-case description="[pol-deploy-adb-private-dns-zones.json] Properties must contain 'description' element" name="Policy Definition Syntax Test.Policy Definition Properties Value Test.[pol-deploy-adb-private-dns-zones.json] Properties must contain 'description' element" time="0.0007" asserts="0" success="True" result="Success" executed="True" />
                      <test-case description="[pol-deploy-kv-pe-dns-records.json] Properties must contain 'description' element" name="Policy Definition Syntax Test.Policy Definition Properties Value Test.[pol-deploy-kv-pe-dns-records.json] Properties must contain 'description' element" time="0.0007" asserts="0" success="True" result="Success" executed="True" />
                      <test-case description="[pol-deploy-rsv-backup-pe-dns-records.json] Properties must contain 'description' element" name="Policy Definition Syntax Test.Policy Definition Properties Value Test.[pol-deploy-rsv-backup-pe-dns-records.json] Properties must contain 'description' element" time="0.0007" asserts="0" success="True" result="Success" executed="True" />
                      <test-case description="[pol-deploy-sa-blob-pe-dns-records.json] Properties must contain 'description' element" name="Policy Definition Syntax Test.Policy Definition Properties Value Test.[pol-deploy-sa-blob-pe-dns-records.json] Properties must contain 'description' element" time="0.0007" asserts="0" success="True" result="Success" executed="True" />
                      <test-case description="[pol-deploy-sa-file-pe-dns-records.json] Properties must contain 'description' element" name="Policy Definition Syntax Test.Policy Definition Properties Value Test.[pol-deploy-sa-file-pe-dns-records.json] Properties must contain 'description' element" time="0.0007" asserts="0" success="True" result="Success" executed="True" />
                      <test-case description="[pol-audit-storage-account-pe.json] Properties must contain 'description' element" name="Policy Definition Syntax Test.Policy Definition Properties Value Test.[pol-audit-storage-account-pe.json] Properties must contain 'description' element" time="0.0019" asserts="0" success="True" result="Success" executed="True" />
                      <test-case description="[pol-audit-storage-account-should-prevent-shared-key-access.json] Properties must contain 'description' element" name="Policy Definition Syntax Test.Policy Definition Properties Value Test.[pol-audit-storage-account-should-prevent-shared-key-access.json] Properties must contain 'description' element" time="0.0007" asserts="0" success="True" result="Success" executed="True" />
                      <test-case description="[pol-audit-storage-account-use-double-encryption.json] Properties must contain 'description' element" name="Policy Definition Syntax Test.Policy Definition Properties Value Test.[pol-audit-storage-account-use-double-encryption.json] Properties must contain 'description' element" time="0.0007" asserts="0" success="True" result="Success" executed="True" />
                      <test-case description="[pol-deny-storage-account-minimum-tls-version.json] Properties must contain 'description' element" name="Policy Definition Syntax Test.Policy Definition Properties Value Test.[pol-deny-storage-account-minimum-tls-version.json] Properties must contain 'description' element" time="0.0007" asserts="0" success="True" result="Success" executed="True" />
                      <test-case description="[pol-deny-storage-account-prevent-cross-tenant-repl.json] Properties must contain 'description' element" name="Policy Definition Syntax Test.Policy Definition Properties Value Test.[pol-deny-storage-account-prevent-cross-tenant-repl.json] Properties must contain 'description' element" time="0.0007" asserts="0" success="True" result="Success" executed="True" />
                      <test-case description="[pol-deny-storage-account-public-endpoint.json] Properties must contain 'description' element" name="Policy Definition Syntax Test.Policy Definition Properties Value Test.[pol-deny-storage-account-public-endpoint.json] Properties must contain 'description' element" time="0.0007" asserts="0" success="True" result="Success" executed="True" />
                      <test-case description="[pol-deny-storage-account-restrict-virtual-network-rules.json] Properties must contain 'description' element" name="Policy Definition Syntax Test.Policy Definition Properties Value Test.[pol-deny-storage-account-restrict-virtual-network-rules.json] Properties must contain 'description' element" time="0.0007" asserts="0" success="True" result="Success" executed="True" />
                      <test-case description="[pol-deny-storage-account-secure-transfer.json] Properties must contain 'description' element" name="Policy Definition Syntax Test.Policy Definition Properties Value Test.[pol-deny-storage-account-secure-transfer.json] Properties must contain 'description' element" time="0.0007" asserts="0" success="True" result="Success" executed="True" />
                      <test-case description="[pol-deny-storage-accounts-should-restrict-network-access.json] Properties must contain 'description' element" name="Policy Definition Syntax Test.Policy Definition Properties Value Test.[pol-deny-storage-accounts-should-restrict-network-access.json] Properties must contain 'description' element" time="0.0018" asserts="0" success="True" result="Success" executed="True" />
                      <test-case description="[pol-deploy-storage-account-advanced-threat-protection.json] Properties must contain 'description' element" name="Policy Definition Syntax Test.Policy Definition Properties Value Test.[pol-deploy-storage-account-advanced-threat-protection.json] Properties must contain 'description' element" time="0.0007" asserts="0" success="True" result="Success" executed="True" />
                      <test-case description="[pol-deploy-storage-account-blob-soft-delete.json] Properties must contain 'description' element" name="Policy Definition Syntax Test.Policy Definition Properties Value Test.[pol-deploy-storage-account-blob-soft-delete.json] Properties must contain 'description' element" time="0.0007" asserts="0" success="True" result="Success" executed="True" />
                      <test-case description="[pol-modify-storage-account-secure-transfer.json] Properties must contain 'description' element" name="Policy Definition Syntax Test.Policy Definition Properties Value Test.[pol-modify-storage-account-secure-transfer.json] Properties must contain 'description' element" time="0.0007" asserts="0" success="True" result="Success" executed="True" />
                      <test-case description="[pol-inherit-tags-from-rg.json] Properties must contain 'description' element" name="Policy Definition Syntax Test.Policy Definition Properties Value Test.[pol-inherit-tags-from-rg.json] Properties must contain 'description' element" time="0.0007" asserts="0" success="True" result="Success" executed="True" />
                      <test-case description="[pol-inherit-tags-from-sub.json] Properties must contain 'description' element" name="Policy Definition Syntax Test.Policy Definition Properties Value Test.[pol-inherit-tags-from-sub.json] Properties must contain 'description' element" time="0.0007" asserts="0" success="True" result="Success" executed="True" />
                    </results>
                  </test-suite>
                  <test-suite type="ParameterizedTest" name="Policy Definition Syntax Test.Policy Definition Properties Value Test.[&lt;fileName&gt;] Properties must contain 'metadata' element" executed="True" result="Success" success="True" time="0.0195" asserts="0" description="[&lt;fileName&gt;] Properties must contain 'metadata' element">
                    <results>
                      <test-case description="[pol-deny-auto-approved-pe.json] Properties must contain 'metadata' element" name="Policy Definition Syntax Test.Policy Definition Properties Value Test.[pol-deny-auto-approved-pe.json] Properties must contain 'metadata' element" time="0.0008" asserts="0" success="True" result="Success" executed="True" />
                      <test-case description="[pol-deny-general-allowed-locations.json] Properties must contain 'metadata' element" name="Policy Definition Syntax Test.Policy Definition Properties Value Test.[pol-deny-general-allowed-locations.json] Properties must contain 'metadata' element" time="0.0021" asserts="0" success="True" result="Success" executed="True" />
                      <test-case description="[pol-deny-resource-type.json] Properties must contain 'metadata' element" name="Policy Definition Syntax Test.Policy Definition Properties Value Test.[pol-deny-resource-type.json] Properties must contain 'metadata' element" time="0.0008" asserts="0" success="True" result="Success" executed="True" />
                      <test-case description="[pol-deploy-adb-private-dns-zones.json] Properties must contain 'metadata' element" name="Policy Definition Syntax Test.Policy Definition Properties Value Test.[pol-deploy-adb-private-dns-zones.json] Properties must contain 'metadata' element" time="0.0007" asserts="0" success="True" result="Success" executed="True" />
                      <test-case description="[pol-deploy-kv-pe-dns-records.json] Properties must contain 'metadata' element" name="Policy Definition Syntax Test.Policy Definition Properties Value Test.[pol-deploy-kv-pe-dns-records.json] Properties must contain 'metadata' element" time="0.0007" asserts="0" success="True" result="Success" executed="True" />
                      <test-case description="[pol-deploy-rsv-backup-pe-dns-records.json] Properties must contain 'metadata' element" name="Policy Definition Syntax Test.Policy Definition Properties Value Test.[pol-deploy-rsv-backup-pe-dns-records.json] Properties must contain 'metadata' element" time="0.0007" asserts="0" success="True" result="Success" executed="True" />
                      <test-case description="[pol-deploy-sa-blob-pe-dns-records.json] Properties must contain 'metadata' element" name="Policy Definition Syntax Test.Policy Definition Properties Value Test.[pol-deploy-sa-blob-pe-dns-records.json] Properties must contain 'metadata' element" time="0.0007" asserts="0" success="True" result="Success" executed="True" />
                      <test-case description="[pol-deploy-sa-file-pe-dns-records.json] Properties must contain 'metadata' element" name="Policy Definition Syntax Test.Policy Definition Properties Value Test.[pol-deploy-sa-file-pe-dns-records.json] Properties must contain 'metadata' element" time="0.0007" asserts="0" success="True" result="Success" executed="True" />
                      <test-case description="[pol-audit-storage-account-pe.json] Properties must contain 'metadata' element" name="Policy Definition Syntax Test.Policy Definition Properties Value Test.[pol-audit-storage-account-pe.json] Properties must contain 'metadata' element" time="0.0007" asserts="0" success="True" result="Success" executed="True" />
                      <test-case description="[pol-audit-storage-account-should-prevent-shared-key-access.json] Properties must contain 'metadata' element" name="Policy Definition Syntax Test.Policy Definition Properties Value Test.[pol-audit-storage-account-should-prevent-shared-key-access.json] Properties must contain 'metadata' element" time="0.0019" asserts="0" success="True" result="Success" executed="True" />
                      <test-case description="[pol-audit-storage-account-use-double-encryption.json] Properties must contain 'metadata' element" name="Policy Definition Syntax Test.Policy Definition Properties Value Test.[pol-audit-storage-account-use-double-encryption.json] Properties must contain 'metadata' element" time="0.0007" asserts="0" success="True" result="Success" executed="True" />
                      <test-case description="[pol-deny-storage-account-minimum-tls-version.json] Properties must contain 'metadata' element" name="Policy Definition Syntax Test.Policy Definition Properties Value Test.[pol-deny-storage-account-minimum-tls-version.json] Properties must contain 'metadata' element" time="0.0007" asserts="0" success="True" result="Success" executed="True" />
                      <test-case description="[pol-deny-storage-account-prevent-cross-tenant-repl.json] Properties must contain 'metadata' element" name="Policy Definition Syntax Test.Policy Definition Properties Value Test.[pol-deny-storage-account-prevent-cross-tenant-repl.json] Properties must contain 'metadata' element" time="0.0007" asserts="0" success="True" result="Success" executed="True" />
                      <test-case description="[pol-deny-storage-account-public-endpoint.json] Properties must contain 'metadata' element" name="Policy Definition Syntax Test.Policy Definition Properties Value Test.[pol-deny-storage-account-public-endpoint.json] Properties must contain 'metadata' element" time="0.0007" asserts="0" success="True" result="Success" executed="True" />
                      <test-case description="[pol-deny-storage-account-restrict-virtual-network-rules.json] Properties must contain 'metadata' element" name="Policy Definition Syntax Test.Policy Definition Properties Value Test.[pol-deny-storage-account-restrict-virtual-network-rules.json] Properties must contain 'metadata' element" time="0.0007" asserts="0" success="True" result="Success" executed="True" />
                      <test-case description="[pol-deny-storage-account-secure-transfer.json] Properties must contain 'metadata' element" name="Policy Definition Syntax Test.Policy Definition Properties Value Test.[pol-deny-storage-account-secure-transfer.json] Properties must contain 'metadata' element" time="0.0007" asserts="0" success="True" result="Success" executed="True" />
                      <test-case description="[pol-deny-storage-accounts-should-restrict-network-access.json] Properties must contain 'metadata' element" name="Policy Definition Syntax Test.Policy Definition Properties Value Test.[pol-deny-storage-accounts-should-restrict-network-access.json] Properties must contain 'metadata' element" time="0.0018" asserts="0" success="True" result="Success" executed="True" />
                      <test-case description="[pol-deploy-storage-account-advanced-threat-protection.json] Properties must contain 'metadata' element" name="Policy Definition Syntax Test.Policy Definition Properties Value Test.[pol-deploy-storage-account-advanced-threat-protection.json] Properties must contain 'metadata' element" time="0.0008" asserts="0" success="True" result="Success" executed="True" />
                      <test-case description="[pol-deploy-storage-account-blob-soft-delete.json] Properties must contain 'metadata' element" name="Policy Definition Syntax Test.Policy Definition Properties Value Test.[pol-deploy-storage-account-blob-soft-delete.json] Properties must contain 'metadata' element" time="0.0007" asserts="0" success="True" result="Success" executed="True" />
                      <test-case description="[pol-modify-storage-account-secure-transfer.json] Properties must contain 'metadata' element" name="Policy Definition Syntax Test.Policy Definition Properties Value Test.[pol-modify-storage-account-secure-transfer.json] Properties must contain 'metadata' element" time="0.0007" asserts="0" success="True" result="Success" executed="True" />
                      <test-case description="[pol-inherit-tags-from-rg.json] Properties must contain 'metadata' element" name="Policy Definition Syntax Test.Policy Definition Properties Value Test.[pol-inherit-tags-from-rg.json] Properties must contain 'metadata' element" time="0.0007" asserts="0" success="True" result="Success" executed="True" />
                      <test-case description="[pol-inherit-tags-from-sub.json] Properties must contain 'metadata' element" name="Policy Definition Syntax Test.Policy Definition Properties Value Test.[pol-inherit-tags-from-sub.json] Properties must contain 'metadata' element" time="0.0007" asserts="0" success="True" result="Success" executed="True" />
                    </results>
                  </test-suite>
                  <test-suite type="ParameterizedTest" name="Policy Definition Syntax Test.Policy Definition Properties Value Test.[&lt;fileName&gt;] Properties must contain 'mode' element" executed="True" result="Success" success="True" time="0.0198" asserts="0" description="[&lt;fileName&gt;] Properties must contain 'mode' element">
                    <results>
                      <test-case description="[pol-deny-auto-approved-pe.json] Properties must contain 'mode' element" name="Policy Definition Syntax Test.Policy Definition Properties Value Test.[pol-deny-auto-approved-pe.json] Properties must contain 'mode' element" time="0.0007" asserts="0" success="True" result="Success" executed="True" />
                      <test-case description="[pol-deny-general-allowed-locations.json] Properties must contain 'mode' element" name="Policy Definition Syntax Test.Policy Definition Properties Value Test.[pol-deny-general-allowed-locations.json] Properties must contain 'mode' element" time="0.0007" asserts="0" success="True" result="Success" executed="True" />
                      <test-case description="[pol-deny-resource-type.json] Properties must contain 'mode' element" name="Policy Definition Syntax Test.Policy Definition Properties Value Test.[pol-deny-resource-type.json] Properties must contain 'mode' element" time="0.0019" asserts="0" success="True" result="Success" executed="True" />
                      <test-case description="[pol-deploy-adb-private-dns-zones.json] Properties must contain 'mode' element" name="Policy Definition Syntax Test.Policy Definition Properties Value Test.[pol-deploy-adb-private-dns-zones.json] Properties must contain 'mode' element" time="0.0007" asserts="0" success="True" result="Success" executed="True" />
                      <test-case description="[pol-deploy-kv-pe-dns-records.json] Properties must contain 'mode' element" name="Policy Definition Syntax Test.Policy Definition Properties Value Test.[pol-deploy-kv-pe-dns-records.json] Properties must contain 'mode' element" time="0.0007" asserts="0" success="True" result="Success" executed="True" />
                      <test-case description="[pol-deploy-rsv-backup-pe-dns-records.json] Properties must contain 'mode' element" name="Policy Definition Syntax Test.Policy Definition Properties Value Test.[pol-deploy-rsv-backup-pe-dns-records.json] Properties must contain 'mode' element" time="0.0007" asserts="0" success="True" result="Success" executed="True" />
                      <test-case description="[pol-deploy-sa-blob-pe-dns-records.json] Properties must contain 'mode' element" name="Policy Definition Syntax Test.Policy Definition Properties Value Test.[pol-deploy-sa-blob-pe-dns-records.json] Properties must contain 'mode' element" time="0.0007" asserts="0" success="True" result="Success" executed="True" />
                      <test-case description="[pol-deploy-sa-file-pe-dns-records.json] Properties must contain 'mode' element" name="Policy Definition Syntax Test.Policy Definition Properties Value Test.[pol-deploy-sa-file-pe-dns-records.json] Properties must contain 'mode' element" time="0.0007" asserts="0" success="True" result="Success" executed="True" />
                      <test-case description="[pol-audit-storage-account-pe.json] Properties must contain 'mode' element" name="Policy Definition Syntax Test.Policy Definition Properties Value Test.[pol-audit-storage-account-pe.json] Properties must contain 'mode' element" time="0.0007" asserts="0" success="True" result="Success" executed="True" />
                      <test-case description="[pol-audit-storage-account-should-prevent-shared-key-access.json] Properties must contain 'mode' element" name="Policy Definition Syntax Test.Policy Definition Properties Value Test.[pol-audit-storage-account-should-prevent-shared-key-access.json] Properties must contain 'mode' element" time="0.0007" asserts="0" success="True" result="Success" executed="True" />
                      <test-case description="[pol-audit-storage-account-use-double-encryption.json] Properties must contain 'mode' element" name="Policy Definition Syntax Test.Policy Definition Properties Value Test.[pol-audit-storage-account-use-double-encryption.json] Properties must contain 'mode' element" time="0.0022" asserts="0" success="True" result="Success" executed="True" />
                      <test-case description="[pol-deny-storage-account-minimum-tls-version.json] Properties must contain 'mode' element" name="Policy Definition Syntax Test.Policy Definition Properties Value Test.[pol-deny-storage-account-minimum-tls-version.json] Properties must contain 'mode' element" time="0.0008" asserts="0" success="True" result="Success" executed="True" />
                      <test-case description="[pol-deny-storage-account-prevent-cross-tenant-repl.json] Properties must contain 'mode' element" name="Policy Definition Syntax Test.Policy Definition Properties Value Test.[pol-deny-storage-account-prevent-cross-tenant-repl.json] Properties must contain 'mode' element" time="0.0007" asserts="0" success="True" result="Success" executed="True" />
                      <test-case description="[pol-deny-storage-account-public-endpoint.json] Properties must contain 'mode' element" name="Policy Definition Syntax Test.Policy Definition Properties Value Test.[pol-deny-storage-account-public-endpoint.json] Properties must contain 'mode' element" time="0.0007" asserts="0" success="True" result="Success" executed="True" />
                      <test-case description="[pol-deny-storage-account-restrict-virtual-network-rules.json] Properties must contain 'mode' element" name="Policy Definition Syntax Test.Policy Definition Properties Value Test.[pol-deny-storage-account-restrict-virtual-network-rules.json] Properties must contain 'mode' element" time="0.0007" asserts="0" success="True" result="Success" executed="True" />
                      <test-case description="[pol-deny-storage-account-secure-transfer.json] Properties must contain 'mode' element" name="Policy Definition Syntax Test.Policy Definition Properties Value Test.[pol-deny-storage-account-secure-transfer.json] Properties must contain 'mode' element" time="0.0008" asserts="0" success="True" result="Success" executed="True" />
                      <test-case description="[pol-deny-storage-accounts-should-restrict-network-access.json] Properties must contain 'mode' element" name="Policy Definition Syntax Test.Policy Definition Properties Value Test.[pol-deny-storage-accounts-should-restrict-network-access.json] Properties must contain 'mode' element" time="0.0007" asserts="0" success="True" result="Success" executed="True" />
                      <test-case description="[pol-deploy-storage-account-advanced-threat-protection.json] Properties must contain 'mode' element" name="Policy Definition Syntax Test.Policy Definition Properties Value Test.[pol-deploy-storage-account-advanced-threat-protection.json] Properties must contain 'mode' element" time="0.0021" asserts="0" success="True" result="Success" executed="True" />
                      <test-case description="[pol-deploy-storage-account-blob-soft-delete.json] Properties must contain 'mode' element" name="Policy Definition Syntax Test.Policy Definition Properties Value Test.[pol-deploy-storage-account-blob-soft-delete.json] Properties must contain 'mode' element" time="0.0008" asserts="0" success="True" result="Success" executed="True" />
                      <test-case description="[pol-modify-storage-account-secure-transfer.json] Properties must contain 'mode' element" name="Policy Definition Syntax Test.Policy Definition Properties Value Test.[pol-modify-storage-account-secure-transfer.json] Properties must contain 'mode' element" time="0.0007" asserts="0" success="True" result="Success" executed="True" />
                      <test-case description="[pol-inherit-tags-from-rg.json] Properties must contain 'mode' element" name="Policy Definition Syntax Test.Policy Definition Properties Value Test.[pol-inherit-tags-from-rg.json] Properties must contain 'mode' element" time="0.0007" asserts="0" success="True" result="Success" executed="True" />
[...]
                    </results>
                  </test-suite>
                  <test-suite type="ParameterizedTest" name="Policy Definition Syntax Test.DeployIfNotExists Effect Policy Embedded ARM Template Test.[&lt;fileName&gt;] Embedded template Must contain a 'resources' element" executed="True" result="Success" success="True" time="0.0049" asserts="0" description="[&lt;fileName&gt;] Embedded template Must contain a 'resources' element">
                    <results>
                      <test-case description="[pol-deploy-adb-private-dns-zones.json] Embedded template Must contain a 'resources' element" name="Policy Definition Syntax Test.DeployIfNotExists Effect Policy Embedded ARM Template Test.[pol-deploy-adb-private-dns-zones.json] Embedded template Must contain a 'resources' element" time="0.0007" asserts="0" success="True" result="Success" executed="True" />
                      <test-case description="[pol-deploy-kv-pe-dns-records.json] Embedded template Must contain a 'resources' element" name="Policy Definition Syntax Test.DeployIfNotExists Effect Policy Embedded ARM Template Test.[pol-deploy-kv-pe-dns-records.json] Embedded template Must contain a 'resources' element" time="0.0007" asserts="0" success="True" result="Success" executed="True" />
                      <test-case description="[pol-deploy-rsv-backup-pe-dns-records.json] Embedded template Must contain a 'resources' element" name="Policy Definition Syntax Test.DeployIfNotExists Effect Policy Embedded ARM Template Test.[pol-deploy-rsv-backup-pe-dns-records.json] Embedded template Must contain a 'resources' element" time="0.0007" asserts="0" success="True" result="Success" executed="True" />
                      <test-case description="[pol-deploy-sa-blob-pe-dns-records.json] Embedded template Must contain a 'resources' element" name="Policy Definition Syntax Test.DeployIfNotExists Effect Policy Embedded ARM Template Test.[pol-deploy-sa-blob-pe-dns-records.json] Embedded template Must contain a 'resources' element" time="0.0007" asserts="0" success="True" result="Success" executed="True" />
                      <test-case description="[pol-deploy-sa-file-pe-dns-records.json] Embedded template Must contain a 'resources' element" name="Policy Definition Syntax Test.DeployIfNotExists Effect Policy Embedded ARM Template Test.[pol-deploy-sa-file-pe-dns-records.json] Embedded template Must contain a 'resources' element" time="0.0007" asserts="0" success="True" result="Success" executed="True" />
                      <test-case description="[pol-deploy-storage-account-advanced-threat-protection.json] Embedded template Must contain a 'resources' element" name="Policy Definition Syntax Test.DeployIfNotExists Effect Policy Embedded ARM Template Test.[pol-deploy-storage-account-advanced-threat-protection.json] Embedded template Must contain a 'resources' element" time="0.0007" asserts="0" success="True" result="Success" executed="True" />
                      <test-case description="[pol-deploy-storage-account-blob-soft-delete.json] Embedded template Must contain a 'resources' element" name="Policy Definition Syntax Test.DeployIfNotExists Effect Policy Embedded ARM Template Test.[pol-deploy-storage-account-blob-soft-delete.json] Embedded template Must contain a 'resources' element" time="0.0007" asserts="0" success="True" result="Success" executed="True" />
                    </results>
                  </test-suite>
                  <test-suite type="ParameterizedTest" name="Policy Definition Syntax Test.DeployIfNotExists Effect Policy Embedded ARM Template Test.[&lt;fileName&gt;] Embedded template Must contain a 'outputs' element" executed="True" result="Success" success="True" time="0.0061" asserts="0" description="[&lt;fileName&gt;] Embedded template Must contain a 'outputs' element">
                    <results>
                      <test-case description="[pol-deploy-adb-private-dns-zones.json] Embedded template Must contain a 'outputs' element" name="Policy Definition Syntax Test.DeployIfNotExists Effect Policy Embedded ARM Template Test.[pol-deploy-adb-private-dns-zones.json] Embedded template Must contain a 'outputs' element" time="0.002" asserts="0" success="True" result="Success" executed="True" />
                      <test-case description="[pol-deploy-kv-pe-dns-records.json] Embedded template Must contain a 'outputs' element" name="Policy Definition Syntax Test.DeployIfNotExists Effect Policy Embedded ARM Template Test.[pol-deploy-kv-pe-dns-records.json] Embedded template Must contain a 'outputs' element" time="0.0007" asserts="0" success="True" result="Success" executed="True" />
                      <test-case description="[pol-deploy-rsv-backup-pe-dns-records.json] Embedded template Must contain a 'outputs' element" name="Policy Definition Syntax Test.DeployIfNotExists Effect Policy Embedded ARM Template Test.[pol-deploy-rsv-backup-pe-dns-records.json] Embedded template Must contain a 'outputs' element" time="0.0007" asserts="0" success="True" result="Success" executed="True" />
                      <test-case description="[pol-deploy-sa-blob-pe-dns-records.json] Embedded template Must contain a 'outputs' element" name="Policy Definition Syntax Test.DeployIfNotExists Effect Policy Embedded ARM Template Test.[pol-deploy-sa-blob-pe-dns-records.json] Embedded template Must contain a 'outputs' element" time="0.0007" asserts="0" success="True" result="Success" executed="True" />
                      <test-case description="[pol-deploy-sa-file-pe-dns-records.json] Embedded template Must contain a 'outputs' element" name="Policy Definition Syntax Test.DeployIfNotExists Effect Policy Embedded ARM Template Test.[pol-deploy-sa-file-pe-dns-records.json] Embedded template Must contain a 'outputs' element" time="0.0007" asserts="0" success="True" result="Success" executed="True" />
                      <test-case description="[pol-deploy-storage-account-advanced-threat-protection.json] Embedded template Must contain a 'outputs' element" name="Policy Definition Syntax Test.DeployIfNotExists Effect Policy Embedded ARM Template Test.[pol-deploy-storage-account-advanced-threat-protection.json] Embedded template Must contain a 'outputs' element" time="0.0007" asserts="0" success="True" result="Success" executed="True" />
                      <test-case description="[pol-deploy-storage-account-blob-soft-delete.json] Embedded template Must contain a 'outputs' element" name="Policy Definition Syntax Test.DeployIfNotExists Effect Policy Embedded ARM Template Test.[pol-deploy-storage-account-blob-soft-delete.json] Embedded template Must contain a 'outputs' element" time="0.0007" asserts="0" success="True" result="Success" executed="True" />
                    </results>
                  </test-suite>
                </results>
              </test-suite>
              <test-suite type="TestFixture" name="Policy Definition Syntax Test.Modify Effect Configuration Test" executed="True" result="Success" success="True" time="0.616" asserts="0" description="Policy Definition Syntax Test.Modify Effect Configuration Test">
                <results>
                  <test-suite type="ParameterizedTest" name="Policy Definition Syntax Test.Modify Effect Configuration Test.[&lt;fileName&gt;] Policy rule 'then' element Must contain a 'details' element" executed="True" result="Success" success="True" time="0.0038" asserts="0" description="[&lt;fileName&gt;] Policy rule 'then' element Must contain a 'details' element">
                    <results>
                      <test-case description="[pol-modify-storage-account-secure-transfer.json] Policy rule 'then' element Must contain a 'details' element" name="Policy Definition Syntax Test.Modify Effect Configuration Test.[pol-modify-storage-account-secure-transfer.json] Policy rule 'then' element Must contain a 'details' element" time="0.0023" asserts="0" success="True" result="Success" executed="True" />
                      <test-case description="[pol-inherit-tags-from-rg.json] Policy rule 'then' element Must contain a 'details' element" name="Policy Definition Syntax Test.Modify Effect Configuration Test.[pol-inherit-tags-from-rg.json] Policy rule 'then' element Must contain a 'details' element" time="0.0008" asserts="0" success="True" result="Success" executed="True" />
                      <test-case description="[pol-inherit-tags-from-sub.json] Policy rule 'then' element Must contain a 'details' element" name="Policy Definition Syntax Test.Modify Effect Configuration Test.[pol-inherit-tags-from-sub.json] Policy rule 'then' element Must contain a 'details' element" time="0.0008" asserts="0" success="True" result="Success" executed="True" />
                    </results>
                  </test-suite>
                  <test-suite type="ParameterizedTest" name="Policy Definition Syntax Test.Modify Effect Configuration Test.[&lt;fileName&gt;] Policy rule must contain a 'roleDefinitionIds' element" executed="True" result="Success" success="True" time="0.0023" asserts="0" description="[&lt;fileName&gt;] Policy rule must contain a 'roleDefinitionIds' element">
                    <results>
                      <test-case description="[pol-modify-storage-account-secure-transfer.json] Policy rule must contain a 'roleDefinitionIds' element" name="Policy Definition Syntax Test.Modify Effect Configuration Test.[pol-modify-storage-account-secure-transfer.json] Policy rule must contain a 'roleDefinitionIds' element" time="0.0008" asserts="0" success="True" result="Success" executed="True" />
                      <test-case description="[pol-inherit-tags-from-rg.json] Policy rule must contain a 'roleDefinitionIds' element" name="Policy Definition Syntax Test.Modify Effect Configuration Test.[pol-inherit-tags-from-rg.json] Policy rule must contain a 'roleDefinitionIds' element" time="0.0007" asserts="0" success="True" result="Success" executed="True" />
                      <test-case description="[pol-inherit-tags-from-sub.json] Policy rule must contain a 'roleDefinitionIds' element" name="Policy Definition Syntax Test.Modify Effect Configuration Test.[pol-inherit-tags-from-sub.json] Policy rule must contain a 'roleDefinitionIds' element" time="0.0007" asserts="0" success="True" result="Success" executed="True" />
                    </results>
                  </test-suite>
                  <test-suite type="ParameterizedTest" name="Policy Definition Syntax Test.Modify Effect Configuration Test.[&lt;fileName&gt;] 'roleDefinitionIds' element must contain at least one item" executed="True" result="Success" success="True" time="0.0065" asserts="0" description="[&lt;fileName&gt;] 'roleDefinitionIds' element must contain at least one item">
                    <results>
                      <test-case description="[pol-modify-storage-account-secure-transfer.json] 'roleDefinitionIds' element must contain at least one item" name="Policy Definition Syntax Test.Modify Effect Configuration Test.[pol-modify-storage-account-secure-transfer.json] 'roleDefinitionIds' element must contain at least one item" time="0.0007" asserts="0" success="True" result="Success" executed="True" />
                      <test-case description="[pol-inherit-tags-from-rg.json] 'roleDefinitionIds' element must contain at least one item" name="Policy Definition Syntax Test.Modify Effect Configuration Test.[pol-inherit-tags-from-rg.json] 'roleDefinitionIds' element must contain at least one item" time="0.0028" asserts="0" success="True" result="Success" executed="True" />
                      <test-case description="[pol-inherit-tags-from-sub.json] 'roleDefinitionIds' element must contain at least one item" name="Policy Definition Syntax Test.Modify Effect Configuration Test.[pol-inherit-tags-from-sub.json] 'roleDefinitionIds' element must contain at least one item" time="0.003" asserts="0" success="True" result="Success" executed="True" />
                    </results>
                  </test-suite>
                  <test-suite type="ParameterizedTest" name="Policy Definition Syntax Test.Modify Effect Configuration Test.[&lt;fileName&gt;] Policy rule must contain a 'conflictEffect' element" executed="True" result="Success" success="True" time="0.0094" asserts="0" description="[&lt;fileName&gt;] Policy rule must contain a 'conflictEffect' element">
                    <results>
                      <test-case description="[pol-modify-storage-account-secure-transfer.json] Policy rule must contain a 'conflictEffect' element" name="Policy Definition Syntax Test.Modify Effect Configuration Test.[pol-modify-storage-account-secure-transfer.json] Policy rule must contain a 'conflictEffect' element" time="0.003" asserts="0" success="True" result="Success" executed="True" />
                      <test-case description="[pol-inherit-tags-from-rg.json] Policy rule must contain a 'conflictEffect' element" name="Policy Definition Syntax Test.Modify Effect Configuration Test.[pol-inherit-tags-from-rg.json] Policy rule must contain a 'conflictEffect' element" time="0.0031" asserts="0" success="True" result="Success" executed="True" />
                      <test-case description="[pol-inherit-tags-from-sub.json] Policy rule must contain a 'conflictEffect' element" name="Policy Definition Syntax Test.Modify Effect Configuration Test.[pol-inherit-tags-from-sub.json] Policy rule must contain a 'conflictEffect' element" time="0.0032" asserts="0" success="True" result="Success" executed="True" />
                    </results>
                  </test-suite>
                  <test-suite type="ParameterizedTest" name="Policy Definition Syntax Test.Modify Effect Configuration Test.[&lt;fileName&gt;] 'conflictEffect' element must have a valid value" executed="True" result="Success" success="True" time="0.0093" asserts="0" description="[&lt;fileName&gt;] 'conflictEffect' element must have a valid value">
                    <results>
                      <test-case description="[pol-modify-storage-account-secure-transfer.json] 'conflictEffect' element must have a valid value" name="Policy Definition Syntax Test.Modify Effect Configuration Test.[pol-modify-storage-account-secure-transfer.json] 'conflictEffect' element must have a valid value" time="0.0031" asserts="0" success="True" result="Success" executed="True" />
                      <test-case description="[pol-inherit-tags-from-rg.json] 'conflictEffect' element must have a valid value" name="Policy Definition Syntax Test.Modify Effect Configuration Test.[pol-inherit-tags-from-rg.json] 'conflictEffect' element must have a valid value" time="0.0031" asserts="0" success="True" result="Success" executed="True" />
                      <test-case description="[pol-inherit-tags-from-sub.json] 'conflictEffect' element must have a valid value" name="Policy Definition Syntax Test.Modify Effect Configuration Test.[pol-inherit-tags-from-sub.json] 'conflictEffect' element must have a valid value" time="0.0031" asserts="0" success="True" result="Success" executed="True" />
                    </results>
                  </test-suite>
                  <test-suite type="ParameterizedTest" name="Policy Definition Syntax Test.Modify Effect Configuration Test.[&lt;fileName&gt;] Policy rule must contain an 'operations' element" executed="True" result="Success" success="True" time="0.0613" asserts="0" description="[&lt;fileName&gt;] Policy rule must contain an 'operations' element">
                    <results>
                      <test-case description="[pol-modify-storage-account-secure-transfer.json] Policy rule must contain an 'operations' element" name="Policy Definition Syntax Test.Modify Effect Configuration Test.[pol-modify-storage-account-secure-transfer.json] Policy rule must contain an 'operations' element" time="0.0594" asserts="0" success="True" result="Success" executed="True" />
                      <test-case description="[pol-inherit-tags-from-rg.json] Policy rule must contain an 'operations' element" name="Policy Definition Syntax Test.Modify Effect Configuration Test.[pol-inherit-tags-from-rg.json] Policy rule must contain an 'operations' element" time="0.001" asserts="0" success="True" result="Success" executed="True" />
                      <test-case description="[pol-inherit-tags-from-sub.json] Policy rule must contain an 'operations' element" name="Policy Definition Syntax Test.Modify Effect Configuration Test.[pol-inherit-tags-from-sub.json] Policy rule must contain an 'operations' element" time="0.0008" asserts="0" success="True" result="Success" executed="True" />
                    </results>
                  </test-suite>
                </results>
              </test-suite>
              <test-suite type="TestFixture" name="Policy Definition Syntax Test.AuditIfNotExists Effect Configuration Test" executed="True" result="Success" success="True" time="0.6201" asserts="0" description="Policy Definition Syntax Test.AuditIfNotExists Effect Configuration Test">
                <results>
                  <test-suite type="ParameterizedTest" name="Policy Definition Syntax Test.AuditIfNotExists Effect Configuration Test.[&lt;fileName&gt;] Policy rule 'then' element Must contain a 'details' element" executed="True" result="Success" success="True" time="0.0015" asserts="0" description="[&lt;fileName&gt;] Policy rule 'then' element Must contain a 'details' element">
                    <results>
                      <test-case description="[pol-audit-storage-account-pe.json] Policy rule 'then' element Must contain a 'details' element" name="Policy Definition Syntax Test.AuditIfNotExists Effect Configuration Test.[pol-audit-storage-account-pe.json] Policy rule 'then' element Must contain a 'details' element" time="0.0015" asserts="0" success="True" result="Success" executed="True" />
                    </results>
                  </test-suite>
                  <test-suite type="ParameterizedTest" name="Policy Definition Syntax Test.AuditIfNotExists Effect Configuration Test.[&lt;fileName&gt;] Policy rule must contain a 'evaluationDelay' element" executed="True" result="Success" success="True" time="0.0009" asserts="0" description="[&lt;fileName&gt;] Policy rule must contain a 'evaluationDelay' element">
                    <results>
                      <test-case description="[pol-audit-storage-account-pe.json] Policy rule must contain a 'evaluationDelay' element" name="Policy Definition Syntax Test.AuditIfNotExists Effect Configuration Test.[pol-audit-storage-account-pe.json] Policy rule must contain a 'evaluationDelay' element" time="0.0009" asserts="0" success="True" result="Success" executed="True" />
                    </results>
                  </test-suite>
                  <test-suite type="ParameterizedTest" name="Policy Definition Syntax Test.AuditIfNotExists Effect Configuration Test.[&lt;fileName&gt;] Policy rule must contain a 'existenceCondition' element" executed="True" result="Success" success="True" time="0.0008" asserts="0" description="[&lt;fileName&gt;] Policy rule must contain a 'existenceCondition' element">
                    <results>
                      <test-case description="[pol-audit-storage-account-pe.json] Policy rule must contain a 'existenceCondition' element" name="Policy Definition Syntax Test.AuditIfNotExists Effect Configuration Test.[pol-audit-storage-account-pe.json] Policy rule must contain a 'existenceCondition' element" time="0.0008" asserts="0" success="True" result="Success" executed="True" />
                    </results>
                  </test-suite>
                </results>
              </test-suite>
            </results>
          </test-suite>
        </results>
      </test-suite>
    </results>
  </test-suite>
</test-results>